  001.cpp
D:\SourceCode\SourceMVS\EVRP_Clustering\001\001.cpp(29,32): warning C4305: 'initializing': truncation from 'double' to 'float'
D:\SourceCode\SourceMVS\EVRP_Clustering\001\001.cpp(134,6): warning C4101: 'run': unreferenced local variable
D:\SourceCode\SourceMVS\EVRP_Clustering\001\001.cpp(209,20): warning C4018: '<': signed/unsigned mismatch
D:\SourceCode\SourceMVS\EVRP_Clustering\001\001.cpp(270,23): warning C4018: '<': signed/unsigned mismatch
D:\SourceCode\SourceMVS\EVRP_Clustering\001\001.cpp(287,23): warning C4018: '<': signed/unsigned mismatch
D:\SourceCode\SourceMVS\EVRP_Clustering\001\001.cpp(314,20): warning C4018: '<': signed/unsigned mismatch
D:\SourceCode\SourceMVS\EVRP_Clustering\001\001.cpp(474,24): warning C4244: 'argument': conversion from '__int64' to 'const unsigned int', possible loss of data
D:\SourceCode\SourceMVS\EVRP_Clustering\001\001.cpp(475,24): warning C4244: 'argument': conversion from '__int64' to 'const unsigned int', possible loss of data
D:\SourceCode\SourceMVS\EVRP_Clustering\001\001.cpp(656,35): warning C4018: '<': signed/unsigned mismatch
D:\SourceCode\SourceMVS\EVRP_Clustering\001\001.cpp(658,14): warning C4244: 'argument': conversion from 'time_t' to 'unsigned int', possible loss of data
D:\SourceCode\SourceMVS\EVRP_Clustering\001\001.cpp(717,60): warning C4244: 'argument': conversion from 'double' to '_Ty', possible loss of data
          with
          [
              _Ty=float
          ]
D:\SourceCode\SourceMVS\EVRP_Clustering\001\001.cpp(722,20): warning C4018: '<': signed/unsigned mismatch
D:\SourceCode\SourceMVS\EVRP_Clustering\001\001.cpp(747,22): warning C4018: '<': signed/unsigned mismatch
D:\SourceCode\SourceMVS\EVRP_Clustering\001\001.cpp(781,12): warning C4244: 'argument': conversion from 'time_t' to 'unsigned int', possible loss of data
D:\SourceCode\SourceMVS\EVRP_Clustering\001\001.cpp(813,12): warning C4244: 'argument': conversion from 'time_t' to 'unsigned int', possible loss of data
D:\SourceCode\SourceMVS\EVRP_Clustering\001\001.cpp(864,20): warning C4018: '<=': signed/unsigned mismatch
D:\SourceCode\SourceMVS\EVRP_Clustering\001\001.cpp(877,20): warning C4018: '<': signed/unsigned mismatch
D:\SourceCode\SourceMVS\EVRP_Clustering\001\001.cpp(924,47): warning C4018: '<': signed/unsigned mismatch
D:\SourceCode\SourceMVS\EVRP_Clustering\001\001.cpp(937,20): warning C4018: '<': signed/unsigned mismatch
D:\SourceCode\SourceMVS\EVRP_Clustering\001\001.cpp(1078,12): warning C4244: 'argument': conversion from 'time_t' to 'unsigned int', possible loss of data
D:\SourceCode\SourceMVS\EVRP_Clustering\001\001.cpp(1090,20): warning C4018: '<': signed/unsigned mismatch
D:\SourceCode\SourceMVS\EVRP_Clustering\001\001.cpp(1095,17): warning C4018: '<': signed/unsigned mismatch
D:\SourceCode\SourceMVS\EVRP_Clustering\001\001.cpp(1113,20): warning C4018: '<': signed/unsigned mismatch
D:\SourceCode\SourceMVS\EVRP_Clustering\001\001.cpp(1118,17): warning C4018: '<': signed/unsigned mismatch
D:\SourceCode\SourceMVS\EVRP_Clustering\001\001.cpp(1155,27): warning C4018: '<': signed/unsigned mismatch
D:\SourceCode\SourceMVS\EVRP_Clustering\001\001.cpp(1164,27): warning C4018: '<': signed/unsigned mismatch
D:\SourceCode\SourceMVS\EVRP_Clustering\001\001.cpp(1187,20): warning C4018: '<=': signed/unsigned mismatch
D:\SourceCode\SourceMVS\EVRP_Clustering\001\001.cpp(1253,22): warning C4244: 'initializing': conversion from 'double' to 'int', possible loss of data
D:\SourceCode\SourceMVS\EVRP_Clustering\001\001.cpp(1286,44): warning C4244: '+=': conversion from 'double' to 'int', possible loss of data
D:\SourceCode\SourceMVS\EVRP_Clustering\001\001.cpp(1521,21): warning C4018: '<': signed/unsigned mismatch
C:\Program Files (x86)\Microsoft Visual Studio\2019\Community\VC\Tools\MSVC\14.29.30133\include\numeric(35,26): warning C4244: '=': conversion from 'double' to '_Ty', possible loss of data
          with
          [
              _Ty=int
          ]
C:\Program Files (x86)\Microsoft Visual Studio\2019\Community\VC\Tools\MSVC\14.29.30133\include\numeric(44): message : see reference to function template instantiation '_Ty std::accumulate<_InIt,_Ty,std::plus<void>>(const _InIt,const _InIt,_Ty,_Fn)' being compiled
          with
          [
              _Ty=int,
              _InIt=std::_Vector_iterator<std::_Vector_val<std::_Simple_types<double>>>,
              _Fn=std::plus<void>
          ]
D:\SourceCode\SourceMVS\EVRP_Clustering\001\001.cpp(712): message : see reference to function template instantiation '_Ty std::accumulate<std::_Vector_iterator<std::_Vector_val<std::_Simple_types<double>>>,int>(const _InIt,const _InIt,_Ty)' being compiled
          with
          [
              _Ty=int,
              _InIt=std::_Vector_iterator<std::_Vector_val<std::_Simple_types<double>>>
          ]
  001.vcxproj -> D:\SourceCode\SourceMVS\EVRP_Clustering\Debug\001.exe
